<?xml version="1.0" encoding="UTF-8"?>
<!-- Generated by org.testng.reporters.JUnitReportReporter -->
<testsuite hostname="DESKTOP-OIDSKCV" failures="0" tests="3" name="com.romanceabroad.ui.HomeTest" time="187.573" errors="0" timestamp="31 Aug 2020 23:06:52 GMT" skipped="0">
  <testcase classname="com.romanceabroad.ui.HomeTest" name="testLinksOnMainPage" time="84.161"/>
  <testcase classname="com.romanceabroad.ui.HomeTest" name="smokeTestMainPage" time="80.744"/>
  <testcase classname="com.romanceabroad.ui.HomeTest" name="MainPageTest" time="22.668"/>
</testsuite> <!-- com.romanceabroad.ui.HomeTest -->
