<?xml version="1.0" encoding="UTF-8"?>
<!-- Generated by org.testng.reporters.JUnitReportReporter -->
<testsuite hostname="DESKTOP-OIDSKCV" failures="0" tests="7" name="com.romanceabroad.ui.RegistrationTests" time="226.162" errors="0" timestamp="31 Aug 2020 23:06:52 GMT" skipped="0">
  <testcase classname="com.romanceabroad.ui.RegistrationTests" name="testRegistration2" time="55.661"/>
  <testcase classname="com.romanceabroad.ui.RegistrationTests" name="testRegistration2" time="42.320"/>
  <testcase classname="com.romanceabroad.ui.RegistrationTests" name="testRegistration" time="28.524"/>
  <testcase classname="com.romanceabroad.ui.RegistrationTests" name="testRegistration" time="21.166"/>
  <testcase classname="com.romanceabroad.ui.RegistrationTests" name="testRegistration" time="29.095"/>
  <testcase classname="com.romanceabroad.ui.RegistrationTests" name="testRegistration" time="31.519"/>
  <testcase classname="com.romanceabroad.ui.RegistrationTests" name="testRegistration2" time="17.877"/>
</testsuite> <!-- com.romanceabroad.ui.RegistrationTests -->
