<?xml version="1.0" encoding="UTF-8"?>
<!-- Generated by org.testng.reporters.JUnitReportReporter -->
<testsuite hostname="DESKTOP-OIDSKCV" failures="0" tests="1" name="com.romanceabroad.ui.GiftsTest" time="23.689" errors="0" timestamp="31 Aug 2020 23:06:52 GMT" skipped="0">
  <testcase classname="com.romanceabroad.ui.GiftsTest" name="testGiftsLink" time="23.689"/>
</testsuite> <!-- com.romanceabroad.ui.GiftsTest -->
