<?xml version="1.0" encoding="UTF-8"?>
<!-- Generated by org.testng.reporters.JUnitReportReporter -->
<testsuite hostname="DESKTOP-OIDSKCV" failures="0" tests="4" name="com.romanceabroad.ui.SignInTest" time="72.887" errors="0" timestamp="31 Aug 2020 02:45:53 GMT" skipped="0">
  <testcase classname="com.romanceabroad.ui.SignInTest" name="negativeTestCases" time="21.367"/>
  <testcase classname="com.romanceabroad.ui.SignInTest" name="negativeTestCases" time="20.294"/>
  <testcase classname="com.romanceabroad.ui.SignInTest" name="negativeTestCases" time="19.186"/>
  <testcase classname="com.romanceabroad.ui.SignInTest" name="testSignInTest" time="12.040"/>
</testsuite> <!-- com.romanceabroad.ui.SignInTest -->
