<?xml version="1.0" encoding="UTF-8"?>
<!-- Generated by org.testng.reporters.JUnitReportReporter -->
<testsuite hostname="DESKTOP-OIDSKCV" failures="0" tests="7" name="com.romanceabroad.ui.RegistrationTests" time="125.025" errors="0" timestamp="31 Aug 2020 02:45:53 GMT" skipped="0">
  <testcase classname="com.romanceabroad.ui.RegistrationTests" name="testRegistration2" time="18.519"/>
  <testcase classname="com.romanceabroad.ui.RegistrationTests" name="testRegistration" time="18.761"/>
  <testcase classname="com.romanceabroad.ui.RegistrationTests" name="testRegistration2" time="14.475"/>
  <testcase classname="com.romanceabroad.ui.RegistrationTests" name="testRegistration" time="17.837"/>
  <testcase classname="com.romanceabroad.ui.RegistrationTests" name="testRegistration2" time="18.677"/>
  <testcase classname="com.romanceabroad.ui.RegistrationTests" name="testRegistration" time="19.843"/>
  <testcase classname="com.romanceabroad.ui.RegistrationTests" name="testRegistration" time="16.913"/>
</testsuite> <!-- com.romanceabroad.ui.RegistrationTests -->
