<?xml version="1.0" encoding="UTF-8"?>
<!-- Generated by org.testng.reporters.JUnitReportReporter -->
<testsuite hostname="DESKTOP-OIDSKCV" failures="0" tests="7" name="com.romanceabroad.ui.SearchTest" time="438.952" errors="0" timestamp="31 Aug 2020 02:45:53 GMT" skipped="0">
  <testcase classname="com.romanceabroad.ui.SearchTest" name="searchForAllUsers" time="21.392"/>
  <testcase classname="com.romanceabroad.ui.SearchTest" name="verifyMarinaUserProfile" time="23.854"/>
  <testcase classname="com.romanceabroad.ui.SearchTest" name="testALlFooterLinks" time="60.097"/>
  <testcase classname="com.romanceabroad.ui.SearchTest" name="searchAllOptionFromDropDownList" time="36.145"/>
  <testcase classname="com.romanceabroad.ui.SearchTest" name="selectRandomDropDownListTestOnSearchPageCase11" time="261.077"/>
  <testcase classname="com.romanceabroad.ui.SearchTest" name="searchDifferentResults12" time="21.359"/>
  <testcase classname="com.romanceabroad.ui.SearchTest" name="testSearchPageTestCase10" time="15.028"/>
</testsuite> <!-- com.romanceabroad.ui.SearchTest -->
