<?xml version="1.0" encoding="UTF-8"?>
<!-- Generated by org.testng.reporters.JUnitReportReporter -->
<testsuite hostname="DESKTOP-OIDSKCV" failures="0" tests="1" name="com.romanceabroad.ui.BlogTest" time="14.537" errors="0" timestamp="31 Aug 2020 02:45:53 GMT" skipped="0">
  <testcase classname="com.romanceabroad.ui.BlogTest" name="testBlogLink" time="14.537"/>
</testsuite> <!-- com.romanceabroad.ui.BlogTest -->
