<?xml version="1.0" encoding="UTF-8"?>
<!-- Generated by org.testng.reporters.JUnitReportReporter -->
<testsuite hostname="DESKTOP-OIDSKCV" failures="0" tests="1" name="com.romanceabroad.ui.TourToUkraineTest" time="20.723" errors="0" timestamp="01 Sep 2020 03:39:12 GMT" skipped="0">
  <testcase classname="com.romanceabroad.ui.TourToUkraineTest" name="testTourToUkraineLink" time="20.723"/>
</testsuite> <!-- com.romanceabroad.ui.TourToUkraineTest -->
