<?xml version="1.0" encoding="UTF-8"?>
<!-- Generated by org.testng.reporters.JUnitReportReporter -->
<testsuite hostname="DESKTOP-OIDSKCV" failures="0" tests="2" name="com.romanceabroad.ui.HowWeWorkTest" time="53.273" errors="0" timestamp="01 Sep 2020 03:39:12 GMT" skipped="0">
  <testcase classname="com.romanceabroad.ui.HowWeWorkTest" name="testArticlesAndTitles" time="20.361"/>
  <testcase classname="com.romanceabroad.ui.HowWeWorkTest" name="testHowWeWorkLink" time="32.912"/>
</testsuite> <!-- com.romanceabroad.ui.HowWeWorkTest -->
