<?xml version="1.0" encoding="UTF-8"?>
<!-- Generated by org.testng.reporters.JUnitReportReporter -->
<testsuite hostname="DESKTOP-OIDSKCV" failures="0" tests="4" name="com.romanceabroad.ui.SignInTest" time="81.501" errors="0" timestamp="01 Sep 2020 03:39:12 GMT" skipped="0">
  <testcase classname="com.romanceabroad.ui.SignInTest" name="negativeTestCases" time="21.697"/>
  <testcase classname="com.romanceabroad.ui.SignInTest" name="testSignInTest" time="14.219"/>
  <testcase classname="com.romanceabroad.ui.SignInTest" name="negativeTestCases" time="21.150"/>
  <testcase classname="com.romanceabroad.ui.SignInTest" name="negativeTestCases" time="24.435"/>
</testsuite> <!-- com.romanceabroad.ui.SignInTest -->
