<?xml version="1.0" encoding="UTF-8"?>
<!-- Generated by org.testng.reporters.JUnitReportReporter -->
<testsuite hostname="DESKTOP-OIDSKCV" failures="0" tests="7" name="com.romanceabroad.ui.RegistrationTests" time="165.878" errors="0" timestamp="26 Aug 2020 21:04:47 GMT" skipped="0">
  <testcase classname="com.romanceabroad.ui.RegistrationTests" name="testRegistration" time="28.576"/>
  <testcase classname="com.romanceabroad.ui.RegistrationTests" name="testRegistration" time="23.214"/>
  <testcase classname="com.romanceabroad.ui.RegistrationTests" name="testRegistration2" time="26.843"/>
  <testcase classname="com.romanceabroad.ui.RegistrationTests" name="testRegistration" time="22.291"/>
  <testcase classname="com.romanceabroad.ui.RegistrationTests" name="testRegistration" time="21.778"/>
  <testcase classname="com.romanceabroad.ui.RegistrationTests" name="testRegistration2" time="23.114"/>
  <testcase classname="com.romanceabroad.ui.RegistrationTests" name="testRegistration2" time="20.062"/>
</testsuite> <!-- com.romanceabroad.ui.RegistrationTests -->
