<?xml version="1.0" encoding="UTF-8"?>
<!-- Generated by org.testng.reporters.JUnitReportReporter -->
<testsuite hostname="DESKTOP-OIDSKCV" failures="0" tests="5" name="com.romanceabroad.ui.RegistrationTests" time="72.532" errors="0" timestamp="15 Sep 2020 15:28:06 GMT" skipped="0">
  <testcase classname="com.romanceabroad.ui.RegistrationTests" name="testRegistration2" time="13.425"/>
  <testcase classname="com.romanceabroad.ui.RegistrationTests" name="testRegistration2" time="15.725"/>
  <testcase classname="com.romanceabroad.ui.RegistrationTests" name="testRegistration2" time="15.131"/>
  <testcase classname="com.romanceabroad.ui.RegistrationTests" name="testRegistration2" time="14.035"/>
  <testcase classname="com.romanceabroad.ui.RegistrationTests" name="testRegistration2" time="14.216"/>
</testsuite> <!-- com.romanceabroad.ui.RegistrationTests -->
