<?xml version="1.0" encoding="UTF-8"?>
<!-- Generated by org.testng.reporters.JUnitReportReporter -->
<testsuite hostname="DESKTOP-OIDSKCV" failures="0" tests="4" name="com.romanceabroad.ui.SignInTest" time="86.329" errors="0" timestamp="26 Aug 2020 21:04:47 GMT" skipped="0">
  <testcase classname="com.romanceabroad.ui.SignInTest" name="negativeTestCases" time="19.175"/>
  <testcase classname="com.romanceabroad.ui.SignInTest" name="testSignInTest" time="14.293"/>
  <testcase classname="com.romanceabroad.ui.SignInTest" name="negativeTestCases" time="32.582"/>
  <testcase classname="com.romanceabroad.ui.SignInTest" name="negativeTestCases" time="20.279"/>
</testsuite> <!-- com.romanceabroad.ui.SignInTest -->
