<?xml version="1.0" encoding="UTF-8"?>
<!-- Generated by org.testng.reporters.JUnitReportReporter -->
<testsuite hostname="DESKTOP-OIDSKCV" failures="0" tests="1" name="com.romanceabroad.ui.TourToUkraineTest" time="14.223" errors="0" timestamp="26 Aug 2020 21:04:47 GMT" skipped="0">
  <testcase classname="com.romanceabroad.ui.TourToUkraineTest" name="testTourToUkraineLink" time="14.223"/>
</testsuite> <!-- com.romanceabroad.ui.TourToUkraineTest -->
