<?xml version="1.0" encoding="UTF-8"?>
<!-- Generated by org.testng.reporters.JUnitReportReporter -->
<testsuite hostname="DESKTOP-OIDSKCV" failures="0" tests="1" name="com.romanceabroad.ui.GiftsTest" time="24.319" errors="0" timestamp="26 Aug 2020 21:04:47 GMT" skipped="0">
  <testcase classname="com.romanceabroad.ui.GiftsTest" name="testGiftsLink" time="24.319"/>
</testsuite> <!-- com.romanceabroad.ui.GiftsTest -->
