<?xml version="1.0" encoding="UTF-8"?>
<!-- Generated by org.testng.reporters.JUnitReportReporter -->
<testsuite hostname="DESKTOP-OIDSKCV" failures="0" tests="1" name="com.romanceabroad.ui.PhotosTests" time="53.212" errors="0" timestamp="26 Aug 2020 21:04:47 GMT" skipped="0">
  <testcase classname="com.romanceabroad.ui.PhotosTests" name="testUserTabs" time="53.212"/>
</testsuite> <!-- com.romanceabroad.ui.PhotosTests -->
