<?xml version="1.0" encoding="UTF-8"?>
<!-- Generated by org.testng.reporters.JUnitReportReporter -->
<testsuite hostname="DESKTOP-OIDSKCV" failures="0" tests="3" name="com.romanceabroad.ui.HomeTest" time="171.039" errors="0" timestamp="26 Aug 2020 21:04:47 GMT" skipped="0">
  <testcase classname="com.romanceabroad.ui.HomeTest" name="smokeTestMainPage" time="67.752"/>
  <testcase classname="com.romanceabroad.ui.HomeTest" name="testLinksOnMainPage" time="72.531"/>
  <testcase classname="com.romanceabroad.ui.HomeTest" name="MainPageTest" time="30.756"/>
</testsuite> <!-- com.romanceabroad.ui.HomeTest -->
