<?xml version="1.0" encoding="UTF-8"?>
<!-- Generated by org.testng.reporters.JUnitReportReporter -->
<testsuite hostname="DESKTOP-OIDSKCV" failures="0" tests="2" name="com.romanceabroad.ui.HowWeWorkTest" time="42.281" errors="0" timestamp="26 Aug 2020 21:04:47 GMT" skipped="0">
  <testcase classname="com.romanceabroad.ui.HowWeWorkTest" name="testHowWeWorkLink" time="27.455"/>
  <testcase classname="com.romanceabroad.ui.HowWeWorkTest" name="testArticlesAndTitles" time="14.826"/>
</testsuite> <!-- com.romanceabroad.ui.HowWeWorkTest -->
