<?xml version="1.0" encoding="UTF-8"?>
<!-- Generated by org.testng.reporters.JUnitReportReporter -->
<testsuite hostname="DESKTOP-OIDSKCV" failures="0" tests="1" name="com.romanceabroad.ui.TourToUkraineTest" time="14.665" errors="0" timestamp="07 Sep 2020 21:10:58 GMT" skipped="0">
  <testcase classname="com.romanceabroad.ui.TourToUkraineTest" name="testTourToUkraineLink" time="14.665"/>
</testsuite> <!-- com.romanceabroad.ui.TourToUkraineTest -->
