<?xml version="1.0" encoding="UTF-8"?>
<!-- Generated by org.testng.reporters.JUnitReportReporter -->
<testsuite hostname="DESKTOP-OIDSKCV" failures="0" tests="1" name="com.romanceabroad.ui.RegistrationTests" time="27.148" errors="0" timestamp="08 Sep 2020 03:54:16 GMT" skipped="0">
  <testcase classname="com.romanceabroad.ui.RegistrationTests" name="testRegistration2" time="27.148"/>
</testsuite> <!-- com.romanceabroad.ui.RegistrationTests -->
