<?xml version="1.0" encoding="UTF-8"?>
<!-- Generated by org.testng.reporters.JUnitReportReporter -->
<testsuite hostname="DESKTOP-OIDSKCV" failures="0" tests="2" name="com.romanceabroad.ui.HowWeWorkTest" time="27.710" errors="0" timestamp="31 Aug 2020 23:51:53 GMT" skipped="0">
  <testcase classname="com.romanceabroad.ui.HowWeWorkTest" name="testHowWeWorkLink" time="13.825"/>
  <testcase classname="com.romanceabroad.ui.HowWeWorkTest" name="testArticlesAndTitles" time="13.885"/>
</testsuite> <!-- com.romanceabroad.ui.HowWeWorkTest -->
