<?xml version="1.0" encoding="UTF-8"?>
<!-- Generated by org.testng.reporters.JUnitReportReporter -->
<testsuite hostname="DESKTOP-OIDSKCV" failures="0" tests="4" name="com.romanceabroad.ui.SignInTest" time="72.994" errors="0" timestamp="31 Aug 2020 23:51:53 GMT" skipped="0">
  <testcase classname="com.romanceabroad.ui.SignInTest" name="testSignInTest" time="12.460"/>
  <testcase classname="com.romanceabroad.ui.SignInTest" name="negativeTestCases" time="19.655"/>
  <testcase classname="com.romanceabroad.ui.SignInTest" name="negativeTestCases" time="18.028"/>
  <testcase classname="com.romanceabroad.ui.SignInTest" name="negativeTestCases" time="22.851"/>
</testsuite> <!-- com.romanceabroad.ui.SignInTest -->
