<?xml version="1.0" encoding="UTF-8"?>
<!-- Generated by org.testng.reporters.JUnitReportReporter -->
<testsuite hostname="DESKTOP-OIDSKCV" failures="0" tests="7" name="com.romanceabroad.ui.SearchTest" time="434.518" errors="0" timestamp="31 Aug 2020 23:51:53 GMT" skipped="0">
  <testcase classname="com.romanceabroad.ui.SearchTest" name="searchAllOptionFromDropDownList" time="34.485"/>
  <testcase classname="com.romanceabroad.ui.SearchTest" name="verifyMarinaUserProfile" time="30.175"/>
  <testcase classname="com.romanceabroad.ui.SearchTest" name="searchForAllUsers" time="22.574"/>
  <testcase classname="com.romanceabroad.ui.SearchTest" name="testALlFooterLinks" time="57.364"/>
  <testcase classname="com.romanceabroad.ui.SearchTest" name="searchDifferentResults12" time="19.731"/>
  <testcase classname="com.romanceabroad.ui.SearchTest" name="selectRandomDropDownListTestOnSearchPageCase11" time="255.616"/>
  <testcase classname="com.romanceabroad.ui.SearchTest" name="testSearchPageTestCase10" time="14.573"/>
</testsuite> <!-- com.romanceabroad.ui.SearchTest -->
