<?xml version="1.0" encoding="UTF-8"?>
<!-- Generated by org.testng.reporters.JUnitReportReporter -->
<testsuite hostname="DESKTOP-OIDSKCV" failures="0" tests="1" name="com.romanceabroad.ui.TourToUkraineTest" time="17.248" errors="0" timestamp="31 Aug 2020 23:51:53 GMT" skipped="0">
  <testcase classname="com.romanceabroad.ui.TourToUkraineTest" name="testTourToUkraineLink" time="17.248"/>
</testsuite> <!-- com.romanceabroad.ui.TourToUkraineTest -->
