<?xml version="1.0" encoding="UTF-8"?>
<!-- Generated by org.testng.reporters.JUnitReportReporter -->
<testsuite hostname="DESKTOP-OIDSKCV" failures="0" tests="7" name="com.romanceabroad.ui.RegistrationTests" time="109.789" errors="0" timestamp="27 Aug 2020 01:42:08 GMT" skipped="0">
  <testcase classname="com.romanceabroad.ui.RegistrationTests" name="testRegistration" time="16.453"/>
  <testcase classname="com.romanceabroad.ui.RegistrationTests" name="testRegistration" time="14.161"/>
  <testcase classname="com.romanceabroad.ui.RegistrationTests" name="testRegistration2" time="10.059"/>
  <testcase classname="com.romanceabroad.ui.RegistrationTests" name="testRegistration2" time="16.566"/>
  <testcase classname="com.romanceabroad.ui.RegistrationTests" name="testRegistration" time="16.885"/>
  <testcase classname="com.romanceabroad.ui.RegistrationTests" name="testRegistration2" time="19.889"/>
  <testcase classname="com.romanceabroad.ui.RegistrationTests" name="testRegistration" time="15.776"/>
</testsuite> <!-- com.romanceabroad.ui.RegistrationTests -->
