<?xml version="1.0" encoding="UTF-8"?>
<!-- Generated by org.testng.reporters.JUnitReportReporter -->
<testsuite hostname="DESKTOP-OIDSKCV" failures="0" tests="1" name="com.romanceabroad.ui.PhotosTests" time="36.956" errors="0" timestamp="27 Aug 2020 01:42:08 GMT" skipped="0">
  <testcase classname="com.romanceabroad.ui.PhotosTests" name="testUserTabs" time="36.956"/>
</testsuite> <!-- com.romanceabroad.ui.PhotosTests -->
