<?xml version="1.0" encoding="UTF-8"?>
<!-- Generated by org.testng.reporters.JUnitReportReporter -->
<testsuite hostname="DESKTOP-OIDSKCV" failures="0" tests="2" name="com.romanceabroad.ui.HowWeWorkTest" time="25.221" errors="0" timestamp="27 Aug 2020 01:42:08 GMT" skipped="0">
  <testcase classname="com.romanceabroad.ui.HowWeWorkTest" name="testHowWeWorkLink" time="12.593"/>
  <testcase classname="com.romanceabroad.ui.HowWeWorkTest" name="testArticlesAndTitles" time="12.628"/>
</testsuite> <!-- com.romanceabroad.ui.HowWeWorkTest -->
