<?xml version="1.0" encoding="UTF-8"?>
<!-- Generated by org.testng.reporters.JUnitReportReporter -->
<testsuite hostname="DESKTOP-OIDSKCV" failures="0" tests="1" name="com.romanceabroad.ui.BlogTest" time="13.298" errors="0" timestamp="27 Aug 2020 01:42:08 GMT" skipped="0">
  <testcase classname="com.romanceabroad.ui.BlogTest" name="testBlogLink" time="13.298"/>
</testsuite> <!-- com.romanceabroad.ui.BlogTest -->
