<?xml version="1.0" encoding="UTF-8"?>
<!-- Generated by org.testng.reporters.JUnitReportReporter -->
<testsuite hostname="DESKTOP-OIDSKCV" failures="0" tests="3" name="com.romanceabroad.ui.HomeTest" time="129.076" errors="0" timestamp="27 Aug 2020 01:42:08 GMT" skipped="0">
  <testcase classname="com.romanceabroad.ui.HomeTest" name="smokeTestMainPage" time="47.093"/>
  <testcase classname="com.romanceabroad.ui.HomeTest" name="testLinksOnMainPage" time="70.731"/>
  <testcase classname="com.romanceabroad.ui.HomeTest" name="MainPageTest" time="11.252"/>
</testsuite> <!-- com.romanceabroad.ui.HomeTest -->
