<?xml version="1.0" encoding="UTF-8"?>
<!-- Generated by org.testng.reporters.JUnitReportReporter -->
<testsuite hostname="DESKTOP-OIDSKCV" failures="0" tests="4" name="com.romanceabroad.ui.SignInTest" time="66.734" errors="0" timestamp="27 Aug 2020 01:42:08 GMT" skipped="0">
  <testcase classname="com.romanceabroad.ui.SignInTest" name="testSignInTest" time="14.826"/>
  <testcase classname="com.romanceabroad.ui.SignInTest" name="negativeTestCases" time="16.472"/>
  <testcase classname="com.romanceabroad.ui.SignInTest" name="negativeTestCases" time="17.352"/>
  <testcase classname="com.romanceabroad.ui.SignInTest" name="negativeTestCases" time="18.084"/>
</testsuite> <!-- com.romanceabroad.ui.SignInTest -->
