<?xml version="1.0" encoding="UTF-8"?>
<!-- Generated by org.testng.reporters.JUnitReportReporter -->
<testsuite hostname="DESKTOP-OIDSKCV" failures="0" tests="7" name="com.romanceabroad.ui.SearchTest" time="430.984" errors="0" timestamp="01 Sep 2020 00:10:56 GMT" skipped="0">
  <testcase classname="com.romanceabroad.ui.SearchTest" name="searchAllOptionFromDropDownList" time="31.824"/>
  <testcase classname="com.romanceabroad.ui.SearchTest" name="verifyMarinaUserProfile" time="23.566"/>
  <testcase classname="com.romanceabroad.ui.SearchTest" name="testALlFooterLinks" time="55.060"/>
  <testcase classname="com.romanceabroad.ui.SearchTest" name="searchForAllUsers" time="21.908"/>
  <testcase classname="com.romanceabroad.ui.SearchTest" name="selectRandomDropDownListTestOnSearchPageCase11" time="257.537"/>
  <testcase classname="com.romanceabroad.ui.SearchTest" name="searchDifferentResults12" time="21.391"/>
  <testcase classname="com.romanceabroad.ui.SearchTest" name="testSearchPageTestCase10" time="19.698"/>
</testsuite> <!-- com.romanceabroad.ui.SearchTest -->
