<?xml version="1.0" encoding="UTF-8"?>
<!-- Generated by org.testng.reporters.JUnitReportReporter -->
<testsuite hostname="DESKTOP-OIDSKCV" failures="0" tests="1" name="com.romanceabroad.ui.TourToUkraineTest" time="19.701" errors="0" timestamp="01 Sep 2020 00:10:56 GMT" skipped="0">
  <testcase classname="com.romanceabroad.ui.TourToUkraineTest" name="testTourToUkraineLink" time="19.701"/>
</testsuite> <!-- com.romanceabroad.ui.TourToUkraineTest -->
