<?xml version="1.0" encoding="UTF-8"?>
<!-- Generated by org.testng.reporters.JUnitReportReporter -->
<testsuite hostname="DESKTOP-OIDSKCV" failures="0" tests="4" name="com.romanceabroad.ui.SignInTest" time="101.773" errors="0" timestamp="01 Sep 2020 00:10:56 GMT" skipped="0">
  <testcase classname="com.romanceabroad.ui.SignInTest" name="negativeTestCases" time="30.929"/>
  <testcase classname="com.romanceabroad.ui.SignInTest" name="testSignInTest" time="10.486"/>
  <testcase classname="com.romanceabroad.ui.SignInTest" name="negativeTestCases" time="21.688"/>
  <testcase classname="com.romanceabroad.ui.SignInTest" name="negativeTestCases" time="38.670"/>
</testsuite> <!-- com.romanceabroad.ui.SignInTest -->
