<?xml version="1.0" encoding="UTF-8"?>
<!-- Generated by org.testng.reporters.JUnitReportReporter -->
<testsuite hostname="DESKTOP-OIDSKCV" failures="0" tests="7" name="com.romanceabroad.ui.SearchTest" time="439.375" errors="0" timestamp="01 Sep 2020 00:14:39 GMT" skipped="0">
  <testcase classname="com.romanceabroad.ui.SearchTest" name="testALlFooterLinks" time="54.995"/>
  <testcase classname="com.romanceabroad.ui.SearchTest" name="searchAllOptionFromDropDownList" time="34.427"/>
  <testcase classname="com.romanceabroad.ui.SearchTest" name="verifyMarinaUserProfile" time="24.722"/>
  <testcase classname="com.romanceabroad.ui.SearchTest" name="searchForAllUsers" time="26.279"/>
  <testcase classname="com.romanceabroad.ui.SearchTest" name="searchDifferentResults12" time="18.375"/>
  <testcase classname="com.romanceabroad.ui.SearchTest" name="selectRandomDropDownListTestOnSearchPageCase11" time="266.305"/>
  <testcase classname="com.romanceabroad.ui.SearchTest" name="testSearchPageTestCase10" time="14.272"/>
</testsuite> <!-- com.romanceabroad.ui.SearchTest -->
