<?xml version="1.0" encoding="UTF-8"?>
<!-- Generated by org.testng.reporters.JUnitReportReporter -->
<testsuite hostname="DESKTOP-OIDSKCV" failures="0" tests="4" name="com.romanceabroad.ui.SignInTest" time="71.594" errors="0" timestamp="01 Sep 2020 00:14:39 GMT" skipped="0">
  <testcase classname="com.romanceabroad.ui.SignInTest" name="negativeTestCases" time="21.380"/>
  <testcase classname="com.romanceabroad.ui.SignInTest" name="testSignInTest" time="11.173"/>
  <testcase classname="com.romanceabroad.ui.SignInTest" name="negativeTestCases" time="19.373"/>
  <testcase classname="com.romanceabroad.ui.SignInTest" name="negativeTestCases" time="19.668"/>
</testsuite> <!-- com.romanceabroad.ui.SignInTest -->
