<?xml version="1.0" encoding="UTF-8"?>
<!-- Generated by org.testng.reporters.JUnitReportReporter -->
<testsuite hostname="DESKTOP-OIDSKCV" failures="0" tests="2" name="com.romanceabroad.ui.HowWeWorkTest" time="33.847" errors="0" timestamp="01 Sep 2020 00:14:39 GMT" skipped="0">
  <testcase classname="com.romanceabroad.ui.HowWeWorkTest" name="testArticlesAndTitles" time="19.549"/>
  <testcase classname="com.romanceabroad.ui.HowWeWorkTest" name="testHowWeWorkLink" time="14.298"/>
</testsuite> <!-- com.romanceabroad.ui.HowWeWorkTest -->
